Mensaje I / 00:00:00:000 / Root(00) para top(01)
Mensaje I / 00:00:00:000 / top(01) para connection_generator(02)
Mensaje D / 00:00:00:000 / connection_generator(02) / ... para top(01)
Mensaje D / 00:00:00:000 / top(01) / ... para Root(00)
Mensaje X / 00:00:10:000 / Root(00) / in /      2.00000 para top(01)
Mensaje X / 00:00:10:000 / top(01) / in /      2.00000 para connection_generator(02)
Mensaje D / 00:00:10:000 / connection_generator(02) / 00:00:00:001 para top(01)
Mensaje D / 00:00:10:000 / top(01) / 00:00:00:001 para Root(00)
Mensaje * / 00:00:10:001 / Root(00) para top(01)
Mensaje * / 00:00:10:001 / top(01) para connection_generator(02)
Mensaje Y / 00:00:10:001 / connection_generator(02) / out /     29.90236 para top(01)
Mensaje D / 00:00:10:001 / connection_generator(02) / 00:00:00:001 para top(01)
Mensaje Y / 00:00:10:001 / top(01) / out /     29.90236 para Root(00)
Mensaje D / 00:00:10:001 / top(01) / 00:00:00:001 para Root(00)
Mensaje * / 00:00:10:002 / Root(00) para top(01)
Mensaje * / 00:00:10:002 / top(01) para connection_generator(02)
Mensaje Y / 00:00:10:002 / connection_generator(02) / out /      0.00000 para top(01)
Mensaje D / 00:00:10:002 / connection_generator(02) / ... para top(01)
Mensaje Y / 00:00:10:002 / top(01) / out /      0.00000 para Root(00)
Mensaje D / 00:00:10:002 / top(01) / ... para Root(00)
Mensaje X / 00:00:35:000 / Root(00) / reset /      1.00000 para top(01)
Mensaje X / 00:00:35:000 / top(01) / reset /      1.00000 para connection_generator(02)
Mensaje D / 00:00:35:000 / connection_generator(02) / ... para top(01)
Mensaje D / 00:00:35:000 / top(01) / ... para Root(00)
Mensaje X / 00:00:45:000 / Root(00) / in /      2.00000 para top(01)
Mensaje X / 00:00:45:000 / top(01) / in /      2.00000 para connection_generator(02)
Mensaje D / 00:00:45:000 / connection_generator(02) / 00:00:00:001 para top(01)
Mensaje D / 00:00:45:000 / top(01) / 00:00:00:001 para Root(00)
Mensaje * / 00:00:45:001 / Root(00) para top(01)
Mensaje * / 00:00:45:001 / top(01) para connection_generator(02)
Mensaje Y / 00:00:45:001 / connection_generator(02) / out /     20.36876 para top(01)
Mensaje D / 00:00:45:001 / connection_generator(02) / 00:00:00:001 para top(01)
Mensaje Y / 00:00:45:001 / top(01) / out /     20.36876 para Root(00)
Mensaje D / 00:00:45:001 / top(01) / 00:00:00:001 para Root(00)
Mensaje * / 00:00:45:002 / Root(00) para top(01)
Mensaje * / 00:00:45:002 / top(01) para connection_generator(02)
Mensaje Y / 00:00:45:002 / connection_generator(02) / out /      0.00000 para top(01)
Mensaje D / 00:00:45:002 / connection_generator(02) / ... para top(01)
Mensaje Y / 00:00:45:002 / top(01) / out /      0.00000 para Root(00)
Mensaje D / 00:00:45:002 / top(01) / ... para Root(00)
Mensaje X / 00:01:00:000 / Root(00) / in /      2.00000 para top(01)
Mensaje X / 00:01:00:000 / top(01) / in /      2.00000 para connection_generator(02)
Mensaje D / 00:01:00:000 / connection_generator(02) / 00:00:00:001 para top(01)
Mensaje D / 00:01:00:000 / top(01) / 00:00:00:001 para Root(00)
Mensaje * / 00:01:00:001 / Root(00) para top(01)
Mensaje * / 00:01:00:001 / top(01) para connection_generator(02)
Mensaje Y / 00:01:00:001 / connection_generator(02) / out /     21.66245 para top(01)
Mensaje D / 00:01:00:001 / connection_generator(02) / 00:00:00:001 para top(01)
Mensaje Y / 00:01:00:001 / top(01) / out /     21.66245 para Root(00)
Mensaje D / 00:01:00:001 / top(01) / 00:00:00:001 para Root(00)
Mensaje * / 00:01:00:002 / Root(00) para top(01)
Mensaje * / 00:01:00:002 / top(01) para connection_generator(02)
Mensaje Y / 00:01:00:002 / connection_generator(02) / out /      0.00000 para top(01)
Mensaje D / 00:01:00:002 / connection_generator(02) / ... para top(01)
Mensaje Y / 00:01:00:002 / top(01) / out /      0.00000 para Root(00)
Mensaje D / 00:01:00:002 / top(01) / ... para Root(00)
Mensaje X / 00:02:10:000 / Root(00) / in /      2.00000 para top(01)
Mensaje X / 00:02:10:000 / top(01) / in /      2.00000 para connection_generator(02)
Mensaje D / 00:02:10:000 / connection_generator(02) / 00:00:00:001 para top(01)
Mensaje D / 00:02:10:000 / top(01) / 00:00:00:001 para Root(00)
Mensaje * / 00:02:10:001 / Root(00) para top(01)
Mensaje * / 00:02:10:001 / top(01) para connection_generator(02)
Mensaje Y / 00:02:10:001 / connection_generator(02) / out /     30.28342 para top(01)
Mensaje D / 00:02:10:001 / connection_generator(02) / 00:00:00:001 para top(01)
Mensaje Y / 00:02:10:001 / top(01) / out /     30.28342 para Root(00)
Mensaje D / 00:02:10:001 / top(01) / 00:00:00:001 para Root(00)
Mensaje * / 00:02:10:002 / Root(00) para top(01)
Mensaje * / 00:02:10:002 / top(01) para connection_generator(02)
Mensaje Y / 00:02:10:002 / connection_generator(02) / out /      0.00000 para top(01)
Mensaje D / 00:02:10:002 / connection_generator(02) / ... para top(01)
Mensaje Y / 00:02:10:002 / top(01) / out /      0.00000 para Root(00)
Mensaje D / 00:02:10:002 / top(01) / ... para Root(00)
Mensaje X / 00:02:20:000 / Root(00) / in /      2.00000 para top(01)
Mensaje X / 00:02:20:000 / top(01) / in /      2.00000 para connection_generator(02)
Mensaje D / 00:02:20:000 / connection_generator(02) / 00:00:00:001 para top(01)
Mensaje D / 00:02:20:000 / top(01) / 00:00:00:001 para Root(00)
Mensaje * / 00:02:20:001 / Root(00) para top(01)
Mensaje * / 00:02:20:001 / top(01) para connection_generator(02)
Mensaje Y / 00:02:20:001 / connection_generator(02) / out /     23.46043 para top(01)
Mensaje D / 00:02:20:001 / connection_generator(02) / 00:00:00:001 para top(01)
Mensaje Y / 00:02:20:001 / top(01) / out /     23.46043 para Root(00)
Mensaje D / 00:02:20:001 / top(01) / 00:00:00:001 para Root(00)
Mensaje * / 00:02:20:002 / Root(00) para top(01)
Mensaje * / 00:02:20:002 / top(01) para connection_generator(02)
Mensaje Y / 00:02:20:002 / connection_generator(02) / out /      0.00000 para top(01)
Mensaje D / 00:02:20:002 / connection_generator(02) / ... para top(01)
Mensaje Y / 00:02:20:002 / top(01) / out /      0.00000 para Root(00)
Mensaje D / 00:02:20:002 / top(01) / ... para Root(00)
Mensaje X / 00:02:25:000 / Root(00) / in /      2.00000 para top(01)
Mensaje X / 00:02:25:000 / top(01) / in /      2.00000 para connection_generator(02)
Mensaje D / 00:02:25:000 / connection_generator(02) / 00:00:00:001 para top(01)
Mensaje D / 00:02:25:000 / top(01) / 00:00:00:001 para Root(00)
Mensaje * / 00:02:25:001 / Root(00) para top(01)
Mensaje * / 00:02:25:001 / top(01) para connection_generator(02)
Mensaje Y / 00:02:25:001 / connection_generator(02) / out /     31.28537 para top(01)
Mensaje D / 00:02:25:001 / connection_generator(02) / 00:00:00:001 para top(01)
Mensaje Y / 00:02:25:001 / top(01) / out /     31.28537 para Root(00)
Mensaje D / 00:02:25:001 / top(01) / 00:00:00:001 para Root(00)
Mensaje * / 00:02:25:002 / Root(00) para top(01)
Mensaje * / 00:02:25:002 / top(01) para connection_generator(02)
Mensaje Y / 00:02:25:002 / connection_generator(02) / out /      0.00000 para top(01)
Mensaje D / 00:02:25:002 / connection_generator(02) / ... para top(01)
Mensaje Y / 00:02:25:002 / top(01) / out /      0.00000 para Root(00)
Mensaje D / 00:02:25:002 / top(01) / ... para Root(00)
Mensaje X / 00:04:10:000 / Root(00) / in /      2.00000 para top(01)
Mensaje X / 00:04:10:000 / top(01) / in /      2.00000 para connection_generator(02)
Mensaje D / 00:04:10:000 / connection_generator(02) / 00:00:00:001 para top(01)
Mensaje D / 00:04:10:000 / top(01) / 00:00:00:001 para Root(00)
Mensaje * / 00:04:10:001 / Root(00) para top(01)
Mensaje * / 00:04:10:001 / top(01) para connection_generator(02)
Mensaje Y / 00:04:10:001 / connection_generator(02) / out /     36.79907 para top(01)
Mensaje D / 00:04:10:001 / connection_generator(02) / 00:00:00:001 para top(01)
Mensaje Y / 00:04:10:001 / top(01) / out /     36.79907 para Root(00)
Mensaje D / 00:04:10:001 / top(01) / 00:00:00:001 para Root(00)
Mensaje * / 00:04:10:002 / Root(00) para top(01)
Mensaje * / 00:04:10:002 / top(01) para connection_generator(02)
Mensaje Y / 00:04:10:002 / connection_generator(02) / out /      0.00000 para top(01)
Mensaje D / 00:04:10:002 / connection_generator(02) / ... para top(01)
Mensaje Y / 00:04:10:002 / top(01) / out /      0.00000 para Root(00)
Mensaje D / 00:04:10:002 / top(01) / ... para Root(00)
Mensaje X / 00:06:10:000 / Root(00) / in /      2.00000 para top(01)
Mensaje X / 00:06:10:000 / top(01) / in /      2.00000 para connection_generator(02)
Mensaje D / 00:06:10:000 / connection_generator(02) / 00:00:00:001 para top(01)
Mensaje D / 00:06:10:000 / top(01) / 00:00:00:001 para Root(00)
Mensaje * / 00:06:10:001 / Root(00) para top(01)
Mensaje * / 00:06:10:001 / top(01) para connection_generator(02)
Mensaje Y / 00:06:10:001 / connection_generator(02) / out /     35.24177 para top(01)
Mensaje D / 00:06:10:001 / connection_generator(02) / 00:00:00:001 para top(01)
Mensaje Y / 00:06:10:001 / top(01) / out /     35.24177 para Root(00)
Mensaje D / 00:06:10:001 / top(01) / 00:00:00:001 para Root(00)
Mensaje * / 00:06:10:002 / Root(00) para top(01)
Mensaje * / 00:06:10:002 / top(01) para connection_generator(02)
Mensaje Y / 00:06:10:002 / connection_generator(02) / out /      0.00000 para top(01)
Mensaje D / 00:06:10:002 / connection_generator(02) / ... para top(01)
Mensaje Y / 00:06:10:002 / top(01) / out /      0.00000 para Root(00)
Mensaje D / 00:06:10:002 / top(01) / ... para Root(00)
