Mensaje I / 00:00:00:000 / Root(00) para top(01)
Mensaje I / 00:00:00:000 / top(01) para queue(02)
Mensaje D / 00:00:00:000 / queue(02) / ... para top(01)
Mensaje D / 00:00:00:000 / top(01) / ... para Root(00)
Mensaje X / 00:00:00:000 / Root(00) / in /     11.00000 para top(01)
Mensaje X / 00:00:00:000 / top(01) / in /     11.00000 para queue(02)
Mensaje D / 00:00:00:000 / queue(02) / 00:00:03:000 para top(01)
Mensaje D / 00:00:00:000 / top(01) / 00:00:03:000 para Root(00)
Mensaje * / 00:00:03:000 / Root(00) para top(01)
Mensaje * / 00:00:03:000 / top(01) para queue(02)
Mensaje Y / 00:00:03:000 / queue(02) / out /     11.00000 para top(01)
Mensaje D / 00:00:03:000 / queue(02) / ... para top(01)
Mensaje Y / 00:00:03:000 / top(01) / out /     11.00000 para Root(00)
Mensaje D / 00:00:03:000 / top(01) / ... para Root(00)
Mensaje X / 00:00:33:000 / Root(00) / in /      2.00000 para top(01)
Mensaje X / 00:00:33:000 / top(01) / in /      2.00000 para queue(02)
Mensaje D / 00:00:33:000 / queue(02) / ... para top(01)
Mensaje D / 00:00:33:000 / top(01) / ... para Root(00)
Mensaje X / 00:01:00:000 / Root(00) / in /      3.00000 para top(01)
Mensaje X / 00:01:00:000 / top(01) / in /      3.00000 para queue(02)
Mensaje D / 00:01:00:000 / queue(02) / ... para top(01)
Mensaje D / 00:01:00:000 / top(01) / ... para Root(00)
Mensaje X / 00:01:45:000 / Root(00) / in /      4.00000 para top(01)
Mensaje X / 00:01:45:000 / top(01) / in /      4.00000 para queue(02)
Mensaje D / 00:01:45:000 / queue(02) / ... para top(01)
Mensaje D / 00:01:45:000 / top(01) / ... para Root(00)
Mensaje X / 00:03:00:000 / Root(00) / in /      5.00000 para top(01)
Mensaje X / 00:03:00:000 / top(01) / in /      5.00000 para queue(02)
Mensaje D / 00:03:00:000 / queue(02) / ... para top(01)
Mensaje D / 00:03:00:000 / top(01) / ... para Root(00)
Mensaje X / 00:03:10:000 / Root(00) / in /      6.00000 para top(01)
Mensaje X / 00:03:10:000 / top(01) / in /      6.00000 para queue(02)
Mensaje D / 00:03:10:000 / queue(02) / ... para top(01)
Mensaje D / 00:03:10:000 / top(01) / ... para Root(00)
Mensaje X / 00:08:10:000 / Root(00) / done /      3.00000 para top(01)
Mensaje X / 00:08:10:000 / top(01) / done /      3.00000 para queue(02)
Mensaje D / 00:08:10:000 / queue(02) / 00:00:03:000 para top(01)
Mensaje D / 00:08:10:000 / top(01) / 00:00:03:000 para Root(00)
Mensaje * / 00:08:13:000 / Root(00) para top(01)
Mensaje * / 00:08:13:000 / top(01) para queue(02)
Mensaje Y / 00:08:13:000 / queue(02) / out /      2.00000 para top(01)
Mensaje D / 00:08:13:000 / queue(02) / ... para top(01)
Mensaje Y / 00:08:13:000 / top(01) / out /      2.00000 para Root(00)
Mensaje D / 00:08:13:000 / top(01) / ... para Root(00)
Mensaje X / 00:10:10:000 / Root(00) / done /      3.00000 para top(01)
Mensaje X / 00:10:10:000 / top(01) / done /      3.00000 para queue(02)
Mensaje D / 00:10:10:000 / queue(02) / 00:00:03:000 para top(01)
Mensaje D / 00:10:10:000 / top(01) / 00:00:03:000 para Root(00)
Mensaje * / 00:10:13:000 / Root(00) para top(01)
Mensaje * / 00:10:13:000 / top(01) para queue(02)
Mensaje Y / 00:10:13:000 / queue(02) / out /      3.00000 para top(01)
Mensaje D / 00:10:13:000 / queue(02) / ... para top(01)
Mensaje Y / 00:10:13:000 / top(01) / out /      3.00000 para Root(00)
Mensaje D / 00:10:13:000 / top(01) / ... para Root(00)
